SF:c:\Users\Chris\Development\Projects\TheRetailStoreDiscounts\src\TheRetailStoreDiscounts.ClassLib\Bill.cs
FN:24,System.Double TheRetailStoreDiscounts.ClassLib.Bill::getAmount()
FNDA:11,System.Double TheRetailStoreDiscounts.ClassLib.Bill::getAmount()
DA:25,11
FN:25,System.String TheRetailStoreDiscounts.ClassLib.Bill::getItem()
FNDA:42,System.String TheRetailStoreDiscounts.ClassLib.Bill::getItem()
DA:26,42
LF:2
LH:2
BRF:0
BRH:0
FNF:2
FNH:2
end_of_record
SF:c:\Users\Chris\Development\Projects\TheRetailStoreDiscounts\src\TheRetailStoreDiscounts.ClassLib\StoreAffiliate.cs
FN:18,System.Double TheRetailStoreDiscounts.ClassLib.StoreAffiliate::getNetAmountPayable(TheRetailStoreDiscounts.ClassLib.Bill)
FNDA:3,System.Double TheRetailStoreDiscounts.ClassLib.StoreAffiliate::getNetAmountPayable(TheRetailStoreDiscounts.ClassLib.Bill)
DA:19,3
DA:20,3
DA:21,3
DA:22,3
DA:24,3
DA:25,1
DA:26,1
DA:27,1
DA:29,2
DA:30,2
DA:31,2
DA:32,2
DA:34,3
DA:35,3
BRDA:24,38,0,1
BRDA:24,38,1,3
BRDA:30,57,0,3
BRDA:30,57,1,0
LF:14
LH:14
BRF:4
BRH:3
FNF:1
FNH:1
end_of_record
SF:c:\Users\Chris\Development\Projects\TheRetailStoreDiscounts\src\TheRetailStoreDiscounts.ClassLib\StoreCustomer.cs
FN:18,System.Double TheRetailStoreDiscounts.ClassLib.StoreCustomer::getNetAmountPayable(TheRetailStoreDiscounts.ClassLib.Bill)
FNDA:5,System.Double TheRetailStoreDiscounts.ClassLib.StoreCustomer::getNetAmountPayable(TheRetailStoreDiscounts.ClassLib.Bill)
DA:19,5
DA:20,5
DA:23,5
DA:24,3
DA:25,3
DA:26,3
DA:28,2
DA:29,2
DA:30,2
DA:31,2
DA:33,5
DA:34,5
BRDA:23,24,0,15
BRDA:23,24,1,1
BRDA:23,43,0,7
BRDA:23,43,1,3
BRDA:29,62,0,1
BRDA:29,62,1,1
LF:12
LH:12
BRF:6
BRH:6
FNF:1
FNH:1
end_of_record
SF:c:\Users\Chris\Development\Projects\TheRetailStoreDiscounts\src\TheRetailStoreDiscounts.ClassLib\StoreEmployee.cs
FN:18,System.Double TheRetailStoreDiscounts.ClassLib.StoreEmployee::getNetAmountPayable(TheRetailStoreDiscounts.ClassLib.Bill)
FNDA:3,System.Double TheRetailStoreDiscounts.ClassLib.StoreEmployee::getNetAmountPayable(TheRetailStoreDiscounts.ClassLib.Bill)
DA:19,3
DA:22,3
DA:23,3
DA:25,3
DA:26,2
DA:27,2
DA:28,2
DA:29,2
DA:31,1
DA:32,1
DA:34,1
DA:36,3
DA:37,3
BRDA:25,36,0,3
BRDA:25,36,1,1
BRDA:27,49,0,1
BRDA:27,49,1,1
LF:13
LH:13
BRF:4
BRH:4
FNF:1
FNH:1
end_of_record